<?xml version="1.0" encoding="UTF-8"?>
<!-- Generated by org.testng.reporters.JUnitXMLReporter -->
<testsuite ignored="1" hostname="LAPTOP-JS5I301N" failures="0" tests="1" name="Test" time="8.049" errors="0" timestamp="2026-01-21T19:29:59 IST">
  <testcase classname="TestAutomationSuite.TestsDirectory.ErrorValidationTest" name="ErrorValidation" time="7.809"/>
  <testcase classname="TestAutomationSuite.TestsDirectory.StandAloneTest" name="SubmitOrder" time="0.0">
    <ignored/>
  </testcase> <!-- SubmitOrder -->
</testsuite> <!-- Test -->
