<?xml version="1.0" encoding="UTF-8"?>
<!-- Generated by org.testng.reporters.JUnitXMLReporter -->
<testsuite ignored="1" hostname="LAPTOP-JS5I301N" failures="0" tests="1" name="Test" time="33.106" errors="0" timestamp="2026-02-23T13:34:48 IST">
  <testcase classname="TestAutomationSuite.TestsDirectory.StandAloneTest" name="SubmitOrder" time="32.814"/>
  <testcase classname="TestAutomationSuite.TestsDirectory.ErrorValidationTest" name="ErrorValidation" time="0.0">
    <ignored/>
  </testcase> <!-- ErrorValidation -->
</testsuite> <!-- Test -->
