<?xml version="1.0" encoding="UTF-8"?>
<testng-results ignored="1" total="2" passed="1" failed="0" skipped="0">
  <reporter-output>
  </reporter-output>
  <suite started-at="2026-01-21T19:29:51 IST" name="Suite" finished-at="2026-01-21T19:29:59 IST" duration-ms="8049">
    <groups>
      <group name="ErrorHandling">
        <method signature="ErrorValidationTest.ErrorValidation()[pri:0, instance:TestAutomationSuite.TestsDirectory.ErrorValidationTest@3eb25e1a]" name="ErrorValidation" class="TestAutomationSuite.TestsDirectory.ErrorValidationTest"/>
      </group> <!-- ErrorHandling -->
    </groups>
    <test started-at="2026-01-21T19:29:51 IST" name="Test" finished-at="2026-01-21T19:29:59 IST" duration-ms="8049">
      <class name="TestAutomationSuite.TestsDirectory.ErrorValidationTest">
        <test-method signature="ErrorValidation()[pri:0, instance:TestAutomationSuite.TestsDirectory.ErrorValidationTest@3eb25e1a]" started-at="2026-01-21T19:29:51 IST" name="ErrorValidation" finished-at="2026-01-21T19:29:59 IST" duration-ms="7809" status="PASS">
          <reporter-output>
          </reporter-output>
        </test-method> <!-- ErrorValidation -->
        <test-method is-config="true" signature="TearDown()[pri:0, instance:TestAutomationSuite.TestsDirectory.ErrorValidationTest@3eb25e1a]" started-at="2026-01-21T19:29:59 IST" name="TearDown" finished-at="2026-01-21T19:29:59 IST" duration-ms="169" status="PASS">
          <reporter-output>
          </reporter-output>
        </test-method> <!-- TearDown -->
      </class> <!-- TestAutomationSuite.TestsDirectory.ErrorValidationTest -->
    </test> <!-- Test -->
  </suite> <!-- Suite -->
</testng-results>
