<?xml version="1.0" encoding="UTF-8"?>
<testng-results ignored="1" total="2" passed="1" failed="0" skipped="0">
  <reporter-output>
  </reporter-output>
  <suite started-at="2026-02-23T13:34:15 IST" name="Suite" finished-at="2026-02-23T13:34:48 IST" duration-ms="33106">
    <groups>
      <group name="Purchase">
        <method signature="StandAloneTest.SubmitOrder(java.lang.String,java.lang.String,java.lang.String)[pri:0, instance:TestAutomationSuite.TestsDirectory.StandAloneTest@4e0ae11f]" name="SubmitOrder" class="TestAutomationSuite.TestsDirectory.StandAloneTest"/>
      </group> <!-- Purchase -->
    </groups>
    <test started-at="2026-02-23T13:34:15 IST" name="Test" finished-at="2026-02-23T13:34:48 IST" duration-ms="33106">
      <class name="TestAutomationSuite.TestsDirectory.StandAloneTest">
        <test-method signature="SubmitOrder(java.lang.String,java.lang.String,java.lang.String)[pri:0, instance:TestAutomationSuite.TestsDirectory.StandAloneTest@4e0ae11f]" started-at="2026-02-23T13:34:15 IST" name="SubmitOrder" data-provider="getData" finished-at="2026-02-23T13:34:48 IST" duration-ms="32814" status="PASS">
          <params>
            <param index="0">
              <value>
                <![CDATA[apurvatest@gmail.com]]>
              </value>
            </param>
            <param index="1">
              <value>
                <![CDATA[Elixir123!]]>
              </value>
            </param>
            <param index="2">
              <value>
                <![CDATA[ZARA COAT 3]]>
              </value>
            </param>
          </params>
          <reporter-output>
          </reporter-output>
        </test-method> <!-- SubmitOrder -->
        <test-method is-config="true" signature="TearDown()[pri:0, instance:TestAutomationSuite.TestsDirectory.StandAloneTest@4e0ae11f]" started-at="2026-02-23T13:34:48 IST" name="TearDown" finished-at="2026-02-23T13:34:48 IST" duration-ms="184" status="PASS">
          <reporter-output>
          </reporter-output>
        </test-method> <!-- TearDown -->
      </class> <!-- TestAutomationSuite.TestsDirectory.StandAloneTest -->
    </test> <!-- Test -->
  </suite> <!-- Suite -->
</testng-results>
