<?xml version="1.0" encoding="UTF-8"?>
<!-- Generated by org.testng.reporters.JUnitReportReporter -->
<testsuite hostname="LAPTOP-JS5I301N" failures="0" tests="1" name="cucumberOptions.TestRunner" time="0.184" errors="1" timestamp="2026-04-28T20:15:45 IST" skipped="0">
  <testcase classname="cucumberOptions.TestRunner" name="runScenario" time="0.184">
    <error message="The step &#039;I landed on ecommerce page&#039; and 3 other step(s) are undefined.
You can implement these steps using the snippet(s) below:

@Given(&quot;I landed on ecommerce page&quot;)
public void i_landed_on_ecommerce_page() {
    // Write code here that turns the phrase above into concrete actions
    throw new io.cucumber.java.PendingException();
}
@Given(&quot;Logged in with username apurvatest@gmail.com and password Elixir123!&quot;)
public void logged_in_with_username_apurvatest_gmail_com_and_password_elixir123() {
    // Write code here that turns the phrase above into concrete actions
    throw new io.cucumber.java.PendingException();
}
@When(&quot;I add product ZARA COAT {int} to the cart&quot;)
public void i_add_product_zara_coat_to_the_cart(Integer int1) {
    // Write code here that turns the phrase above into concrete actions
    throw new io.cucumber.java.PendingException();
}
@Then(&quot;complete the purchase of ZARA COAT {int}&quot;)
public void complete_the_purchase_of_zara_coat(Integer int1) {
    // Write code here that turns the phrase above into concrete actions
    throw new io.cucumber.java.PendingException();
}
" type="io.cucumber.testng.UndefinedStepException">
      <![CDATA[io.cucumber.testng.UndefinedStepException: The step 'I landed on ecommerce page' and 3 other step(s) are undefined.
You can implement these steps using the snippet(s) below:

@Given("I landed on ecommerce page")
public void i_landed_on_ecommerce_page() {
    // Write code here that turns the phrase above into concrete actions
    throw new io.cucumber.java.PendingException();
}
@Given("Logged in with username apurvatest@gmail.com and password Elixir123!")
public void logged_in_with_username_apurvatest_gmail_com_and_password_elixir123() {
    // Write code here that turns the phrase above into concrete actions
    throw new io.cucumber.java.PendingException();
}
@When("I add product ZARA COAT {int} to the cart")
public void i_add_product_zara_coat_to_the_cart(Integer int1) {
    // Write code here that turns the phrase above into concrete actions
    throw new io.cucumber.java.PendingException();
}
@Then("complete the purchase of ZARA COAT {int}")
public void complete_the_purchase_of_zara_coat(Integer int1) {
    // Write code here that turns the phrase above into concrete actions
    throw new io.cucumber.java.PendingException();
}

at ✽.I landed on ecommerce page(file:///C:/Users/Apoorva/eclipse-workspace/TestAutomationSuite/src/test/java/feature/OrderProduct.feature:6)
]]>
    </error>
  </testcase> <!-- runScenario -->
</testsuite> <!-- cucumberOptions.TestRunner -->
